./sungg/box2boxbg4.pro
./hanish/calc_growth.pro
./singgdb/gcircd.pro
./sungg/grm_sky.pro
./hanish/growth_profile.pro
./agrism/grow_mask.pro
./hanish/halflight.pro
./hanish/hdr_template.pro
./util/keywait.pro
./sungg/make_ssoupin.pro
./hanish/mmm2.pro
./hanish/mysky.pro
./singgprof/pfplt_extractprof.pro
./singgprof/pfplt_rdhdr.pro
./sungg/plog.pro
./util/psend.pro
./util/setplotcolors.pro
./singgweb/singg_pagebot.pro
./singgweb/singg_pagetop.pro
./util/snap_jpg.pro
./sungg/ssoup.pro
./sungg/ssoup_profiles.pro
./sungg/ssoup_addphotkwds.pro
./sungg/ssoup_align.pro
./sungg/ssoup_askyfit.pro
./sungg/ssoup_atidyhdr.pro
./sungg/ssoup_calprof.pro
./sungg/ssoup_compresults.pro
./sungg/ssoup_dbhafuvsb.pro
./sungg/ssoup_imcell.pro
./sungg/ssoup_inputs.pro
./sungg/ssoup_mkhtml.pro
./sungg/ssoup_mkjpg.pro
./sungg/ssoup_plothafuv.pro
./sungg/ssoup_plotsprofs.pro
./sungg/ssoup_profiles.pro
./sungg/ssoup_transform_mask.pro
./hanish/write_profile_header.pro
./util/angstsym.pro
./sungg/create_zbin.pro
./singgdb/dbcircled.pro
./util/degsexi.pro
./hanish/findzero.pro
./singgdb/good_derived3.pro
./util/ljust.pro
./agrism/mpfit.pro
./wiyndata/misc/mpfit.pro
./wiyndata/misc/mpfit2dfun.pro
./sungg/numstr.pro
./singgprof/pfplt_kwdread.pro
./sungg/polysurf.pro
./sungg/sample_link.pro
./hanish/spline.pro
./sungg/sr2qa_link.pro
./sungg/ssoup_askymask.pro
./util/ssqrt.pro
./util/sym.pro
./wiyndata/misc/sym.pro
