
Aug 21 10:19 [../Run0410_n1/intspec01010023_0025.cr.ms.fits[*,3]]: J2239-04, v=829 km/s
    center      cont      flux       eqw      core     gfwhm     lfwhm
  6581.315  2.275494   619.591    -272.3   559.932      1.04        0.

Aug 21 10:20 [../Run0410_n1/intspec01010026_0029.cr.ms.fits[*,3]]: J2234-04, v=889 km/s
  6582.603  -5.42843   123.953     INDEF   103.206     1.128        0.

Aug 21 10:21 [../Run0410_n1/intspec01010030_0032.cr.ms.fits[*,3]]: J0013-14a, v=1452 km/s
  6594.587  92.34399   5987.77    -64.84   4524.39     1.243        0.
  6615.356  113.4811   583.289     -5.14   458.294     1.196        0.

Aug 21 10:22 [../Run0410_n1/intspec01010034_0036.cr.ms.fits[*,3]]: J0112+00, v=1152 km/sec
  6587.177  299.0129   5589.81    -18.69   5695.86    0.9219        0.
   6607.89  334.9521   1065.41    -3.181   1180.23     0.848        0.

Aug 21 10:24 [../Run0410_n1/intspec01010037_0039.cr.ms.fits[*,3]]: J0404-02, v=861 km/sec
  6581.714  489.0197   14454.2    -29.56   13885.9    0.9779        0.
   6602.43  551.6106   1854.83    -3.363   1985.11    0.8778        0.

Aug 21 10:27 [../Run0410_n2/intspec01020094_0096.cr.ms.fits[*,3]]: J2102-16, v=1472 km/sec
  6595.922  1088.908   2789.91    -2.562   3015.35    0.8692        0.
  6616.669  1141.208   975.919   -0.8552   1012.36    0.9056        0.

Aug 21 10:28 [../Run0410_n2/intspec01020097_0099.cr.ms.fits[*,3]]: J0034-08, v=1652 km/sec
   6597.91  1046.837   17980.6    -17.18   15991.3     1.056        0.
  6618.668  1154.935   6785.29    -5.875   6202.41     1.028        0.

Aug 21 10:30 [../Run0410_n2/intspec01020101_0103.cr.ms.fits[*,3]]: J0045-15, v=941 km/sec
  6583.424  183.7911   7224.26    -39.31   7032.35    0.9651        0.
  6604.145  204.4035   785.379    -3.842   849.786    0.8682        0.

Aug 21 10:31 [../Run0410_n2/intspec01020104_0107.cr.ms.fits[*,3]]: J0249-02, v=1092 km/sec
  6586.085  9.983231    758.24    -75.95   806.108    0.8837        0.

Aug 21 10:32 [../Run0503_n1/intspec02010039_0041.cr.ms.fits[*,3]]: J1002-06 (UGCA193)
  6577.405  107.2341    3323.1    -30.99   2827.07     1.104        0.
  6598.084  115.8189   290.943    -2.512   275.123    0.9935        0.

Aug 21 10:34 [../Run0503_n1/intspec02010042_0044.cr.ms.fits[*,3]]: J1152-02 (UGC06850)
  6585.697  142.0707   41393.3    -291.4   29222.6     1.331        0.
   6606.36  159.8554   1182.01    -7.394   929.885     1.194        0.

Aug 21 10:35 [../Run0503_n2/intspec02020071_0073.cr.ms.fits[*,3]]: J0441-02 (NGC 1637) -1800s
  6579.659  1353.265   21018.3    -15.53   17032.6     1.159        0.
   6600.36  1461.736   10203.7    -6.981   7811.76     1.227        0.

Aug 21 10:37 [../Run0503_n2/intspec02020082_0084.cr.ms.fits[*,3]]: J1105-0 (NGC 3521) - 900s
  6582.339  2848.849   28556.8    -10.02   21799.3     1.231        0.
  6603.029  3343.719   11430.2    -3.418    8279.7     1.297        0.

Aug 21 10:39 [../Run0503_n2/intspec02020086_0088.cr.ms.fits[*,3]]: J1026-19 (wimpy galaxy)
  6760.404  78.42041   3180.05    -40.55   1819.32     1.642        0.

Aug 21 10:39 [../Run0503_n2/intspec02020090_0092.cr.ms.fits[*,3]]: J1247-03 (NGC 4691) - 1800s
   6586.99  1139.566   53682.9    -47.11   27773.8     1.816        0.
   6607.72  1122.275   19390.7    -17.28   10854.2     1.678        0.

Aug 21 10:41 [../Run0503_n2/intspec02020096_0097.cr.ms.fits[*,3]]: J1326+02 (NGC 5147)
  6585.526  197.4356   10629.6    -53.84   8673.51     1.151        0.
  6606.264  218.2885   2321.42    -10.63   2129.01     1.024        0.

Aug 21 10:42 [../Run0603_n1/intspec03010031_0033.cr.ms.fits[*,3]]: UGC5797 (J1039+01)
  6578.619  88.62788   2270.84    -25.62   2035.75     1.048        0.
  6599.372  89.28394   202.741    -2.271   177.174     1.075        0.

Aug 21 10:44 [../Run0603_n1/intspec03010034_0036.cr.ms.fits[*,3]]: UGC7332 (J1217+00)
  6582.796  26.04264   773.454     -29.7   621.646     1.169        0.

Aug 21 10:46 [../Run0603_n1/intspec03010039_0041.cr.ms.fits[*,3]]: UGC 8041 (J1255+00)
   6590.84  373.3199   10871.4    -29.12   9861.23     1.036        0.
  6611.551  397.2723   2271.79    -5.718   2322.79    0.9188        0.

Aug 21 10:47 [../Run0603_n1/intspec03010042_0043.cr.ms.fits[*,3]]: NGC 5147 (J1326+02)
  6585.674  1927.569   37396.6     -19.4   29907.8     1.175        0.
  6606.396  1983.858   7999.82    -4.032   6829.83       1.1        0.

Aug 21 10:49 [../Run0603_n2/intspec03020074_0076.cr.ms.fits[*,3]]: NGC4897 (J1300-13)
  6616.931  765.6888   8957.27     -11.7   7990.98     1.053        0.
  6637.746  813.3918   3578.31    -4.399   3014.71     1.115        0.

Aug 21 10:50 [../Run0603_n2/intspec03020079_0082.cr.ms.fits[*,3]]: DDO 180 (J1338-09)
  6590.679  278.6765   7063.89    -25.35   6403.18     1.036        0.
  6611.431  286.5409   1867.71    -6.518   1762.69    0.9954        0.
